This is pdfTeX, Version 3.1415926-2.5-1.40.14 (TeX Live 2013/Debian) (format=pdflatex 2016.7.3)  22 JUL 2016 23:55
entering extended mode
 restricted \write18 enabled.
 %&-line parsing enabled.
**Latex-Einfuehrung.tex
(./Latex-Einfuehrung.tex
LaTeX2e <2011/06/27>
Babel <3.9h> and hyphenation patterns for 7 languages loaded.
(/usr/share/texlive/texmf-dist/tex/latex/base/article.cls
Document Class: article 2007/10/19 v1.4h Standard LaTeX document class
(/usr/share/texlive/texmf-dist/tex/latex/base/size10.clo
File: size10.clo 2007/10/19 v1.4h Standard LaTeX file (size option)
)
\c@part=\count79
\c@section=\count80
\c@subsection=\count81
\c@subsubsection=\count82
\c@paragraph=\count83
\c@subparagraph=\count84
\c@figure=\count85
\c@table=\count86
\abovecaptionskip=\skip41
\belowcaptionskip=\skip42
\bibindent=\dimen102
)
(/usr/share/texlive/texmf-dist/tex/latex/hyperref/hyperref.sty
Package: hyperref 2012/11/06 v6.83m Hypertext links for LaTeX

(/usr/share/texlive/texmf-dist/tex/generic/oberdiek/hobsub-hyperref.sty
Package: hobsub-hyperref 2012/05/28 v1.13 Bundle oberdiek, subset hyperref (HO)


(/usr/share/texlive/texmf-dist/tex/generic/oberdiek/hobsub-generic.sty
Package: hobsub-generic 2012/05/28 v1.13 Bundle oberdiek, subset generic (HO)
Package: hobsub 2012/05/28 v1.13 Construct package bundles (HO)
Package: infwarerr 2010/04/08 v1.3 Providing info/warning/error messages (HO)
Package: ltxcmds 2011/11/09 v1.22 LaTeX kernel commands for general use (HO)
Package: ifluatex 2010/03/01 v1.3 Provides the ifluatex switch (HO)
Package ifluatex Info: LuaTeX not detected.
Package: ifvtex 2010/03/01 v1.5 Detect VTeX and its facilities (HO)
Package ifvtex Info: VTeX not detected.
Package: intcalc 2007/09/27 v1.1 Expandable calculations with integers (HO)
Package: ifpdf 2011/01/30 v2.3 Provides the ifpdf switch (HO)
Package ifpdf Info: pdfTeX in PDF mode is detected.
Package: etexcmds 2011/02/16 v1.5 Avoid name clashes with e-TeX commands (HO)
Package etexcmds Info: Could not find \expanded.
(etexcmds)             That can mean that you are not using pdfTeX 1.50 or
(etexcmds)             that some package has redefined \expanded.
(etexcmds)             In the latter case, load this package earlier.
Package: kvsetkeys 2012/04/25 v1.16 Key value parser (HO)
Package: kvdefinekeys 2011/04/07 v1.3 Define keys (HO)
Package: pdftexcmds 2011/11/29 v0.20 Utility functions of pdfTeX for LuaTeX (HO
)
Package pdftexcmds Info: LuaTeX not detected.
Package pdftexcmds Info: \pdf@primitive is available.
Package pdftexcmds Info: \pdf@ifprimitive is available.
Package pdftexcmds Info: \pdfdraftmode found.
Package: pdfescape 2011/11/25 v1.13 Implements pdfTeX's escape features (HO)
Package: bigintcalc 2012/04/08 v1.3 Expandable calculations on big integers (HO
)
Package: bitset 2011/01/30 v1.1 Handle bit-vector datatype (HO)
Package: uniquecounter 2011/01/30 v1.2 Provide unlimited unique counter (HO)
)
Package hobsub Info: Skipping package `hobsub' (already loaded).
Package: letltxmacro 2010/09/02 v1.4 Let assignment for LaTeX macros (HO)
Package: hopatch 2012/05/28 v1.2 Wrapper for package hooks (HO)
Package: xcolor-patch 2011/01/30 xcolor patch
Package: atveryend 2011/06/30 v1.8 Hooks at the very end of document (HO)
Package atveryend Info: \enddocument detected (standard20110627).
Package: atbegshi 2011/10/05 v1.16 At begin shipout hook (HO)
Package: refcount 2011/10/16 v3.4 Data extraction from label references (HO)
Package: hycolor 2011/01/30 v1.7 Color options for hyperref/bookmark (HO)
)
(/usr/share/texlive/texmf-dist/tex/latex/graphics/keyval.sty
Package: keyval 1999/03/16 v1.13 key=value parser (DPC)
\KV@toks@=\toks14
)
(/usr/share/texlive/texmf-dist/tex/generic/ifxetex/ifxetex.sty
Package: ifxetex 2010/09/12 v0.6 Provides ifxetex conditional
)
(/usr/share/texlive/texmf-dist/tex/latex/oberdiek/auxhook.sty
Package: auxhook 2011/03/04 v1.3 Hooks for auxiliary files (HO)
)
(/usr/share/texlive/texmf-dist/tex/latex/oberdiek/kvoptions.sty
Package: kvoptions 2011/06/30 v3.11 Key value format for package options (HO)
)
\@linkdim=\dimen103
\Hy@linkcounter=\count87
\Hy@pagecounter=\count88

(/usr/share/texlive/texmf-dist/tex/latex/hyperref/pd1enc.def
File: pd1enc.def 2012/11/06 v6.83m Hyperref: PDFDocEncoding definition (HO)
)
\Hy@SavedSpaceFactor=\count89

(/usr/share/texlive/texmf-dist/tex/latex/latexconfig/hyperref.cfg
File: hyperref.cfg 2002/06/06 v1.2 hyperref configuration of TeXLive
)
Package hyperref Info: Hyper figures OFF on input line 4443.
Package hyperref Info: Link nesting OFF on input line 4448.
Package hyperref Info: Hyper index ON on input line 4451.
Package hyperref Info: Plain pages OFF on input line 4458.
Package hyperref Info: Backreferencing OFF on input line 4463.
Package hyperref Info: Implicit mode ON; LaTeX internals redefined.
Package hyperref Info: Bookmarks ON on input line 4688.
\c@Hy@tempcnt=\count90

(/usr/share/texlive/texmf-dist/tex/latex/url/url.sty
\Urlmuskip=\muskip10
Package: url 2013/09/16  ver 3.4  Verb mode for urls, etc.
)
LaTeX Info: Redefining \url on input line 5041.
\XeTeXLinkMargin=\dimen104
\Fld@menulength=\count91
\Field@Width=\dimen105
\Fld@charsize=\dimen106
Package hyperref Info: Hyper figures OFF on input line 6295.
Package hyperref Info: Link nesting OFF on input line 6300.
Package hyperref Info: Hyper index ON on input line 6303.
Package hyperref Info: backreferencing OFF on input line 6310.
Package hyperref Info: Link coloring OFF on input line 6315.
Package hyperref Info: Link coloring with OCG OFF on input line 6320.
Package hyperref Info: PDF/A mode OFF on input line 6325.
LaTeX Info: Redefining \ref on input line 6365.
LaTeX Info: Redefining \pageref on input line 6369.
\Hy@abspage=\count92
\c@Item=\count93
\c@Hfootnote=\count94
)

Package hyperref Message: Driver (autodetected): hpdftex.

(/usr/share/texlive/texmf-dist/tex/latex/hyperref/hpdftex.def
File: hpdftex.def 2012/11/06 v6.83m Hyperref driver for pdfTeX
\Fld@listcount=\count95
\c@bookmark@seq@number=\count96

(/usr/share/texlive/texmf-dist/tex/latex/oberdiek/rerunfilecheck.sty
Package: rerunfilecheck 2011/04/15 v1.7 Rerun checks for auxiliary files (HO)
Package uniquecounter Info: New unique counter `rerunfilecheck' on input line 2
82.
)
\Hy@SectionHShift=\skip43
)
(/usr/share/texlive/texmf-dist/tex/latex/listings/listings.sty
\lst@mode=\count97
\lst@gtempboxa=\box26
\lst@token=\toks15
\lst@length=\count98
\lst@currlwidth=\dimen107
\lst@column=\count99
\lst@pos=\count100
\lst@lostspace=\dimen108
\lst@width=\dimen109
\lst@newlines=\count101
\lst@lineno=\count102
\lst@maxwidth=\dimen110

(/usr/share/texlive/texmf-dist/tex/latex/listings/lstmisc.sty
File: lstmisc.sty 2013/08/26 1.5b (Carsten Heinz)
\c@lstnumber=\count103
\lst@skipnumbers=\count104
\lst@framebox=\box27
)
(/usr/share/texlive/texmf-dist/tex/latex/listings/listings.cfg
File: listings.cfg 2013/08/26 1.5b listings configuration
))
Package: listings 2013/08/26 1.5b (Carsten Heinz)

(./Ausarbeitung.sty
(/usr/share/texlive/texmf-dist/tex/latex/umlaute/umlaute.sty
Package: umlaute 2006/01/29 v2.1 umlaute package (AS)


Package umlaute Warning: This package has been superseeded by the `inputenc' pa
ckage on input line 32.

(/usr/share/texlive/texmf-dist/tex/latex/base/inputenc.sty
Package: inputenc 2008/03/30 v1.1d Input encoding file
\inpenc@prehook=\toks16
\inpenc@posthook=\toks17

(/usr/share/texlive/texmf-dist/tex/latex/base/latin1.def
File: latin1.def 2008/03/30 v1.1d Input encoding file
)))
(/usr/share/texlive/texmf-dist/tex/generic/german/german.sty v2.5e 1998-07-08
Package: german 1998/07/08 v2.5e Support for writing german texts (br)
\grmnU@D=\dimen111
german -- \language number for Austrian undefined, default 5 used.
german -- \language number for French undefined, default 255 used.
)
(/usr/share/texlive/texmf-dist/tex/latex/graphics/graphicx.sty
Package: graphicx 1999/02/16 v1.0f Enhanced LaTeX Graphics (DPC,SPQR)

(/usr/share/texlive/texmf-dist/tex/latex/graphics/graphics.sty
Package: graphics 2009/02/05 v1.0o Standard LaTeX Graphics (DPC,SPQR)

(/usr/share/texlive/texmf-dist/tex/latex/graphics/trig.sty
Package: trig 1999/03/16 v1.09 sin cos tan (DPC)
)
(/usr/share/texlive/texmf-dist/tex/latex/latexconfig/graphics.cfg
File: graphics.cfg 2010/04/23 v1.9 graphics configuration of TeX Live
)
Package graphics Info: Driver file: pdftex.def on input line 91.

(/usr/share/texlive/texmf-dist/tex/latex/pdftex-def/pdftex.def
File: pdftex.def 2011/05/27 v0.06d Graphics/color for pdfTeX
\Gread@gobject=\count105
))
\Gin@req@height=\dimen112
\Gin@req@width=\dimen113
))
(/usr/share/texlive/texmf-dist/tex/latex/tools/array.sty
Package: array 2008/09/09 v2.4c Tabular extension package (FMi)
\col@sep=\dimen114
\extrarowheight=\dimen115
\NC@list=\toks18
\extratabsurround=\skip44
\backup@length=\skip45
)
(/usr/share/texlive/texmf-dist/tex/latex/multirow/multirow.sty
\bigstrutjot=\dimen116
)
(/usr/share/texlive/texmf-dist/tex/latex/amsmath/amsmath.sty
Package: amsmath 2013/01/14 v2.14 AMS math features
\@mathmargin=\skip46

For additional information on amsmath, use the `?' option.
(/usr/share/texlive/texmf-dist/tex/latex/amsmath/amstext.sty
Package: amstext 2000/06/29 v2.01

(/usr/share/texlive/texmf-dist/tex/latex/amsmath/amsgen.sty
File: amsgen.sty 1999/11/30 v2.0
\@emptytoks=\toks19
\ex@=\dimen117
))
(/usr/share/texlive/texmf-dist/tex/latex/amsmath/amsbsy.sty
Package: amsbsy 1999/11/29 v1.2d
\pmbraise@=\dimen118
)
(/usr/share/texlive/texmf-dist/tex/latex/amsmath/amsopn.sty
Package: amsopn 1999/12/14 v2.01 operator names
)
\inf@bad=\count106
LaTeX Info: Redefining \frac on input line 210.
\uproot@=\count107
\leftroot@=\count108
LaTeX Info: Redefining \overline on input line 306.
\classnum@=\count109
\DOTSCASE@=\count110
LaTeX Info: Redefining \ldots on input line 378.
LaTeX Info: Redefining \dots on input line 381.
LaTeX Info: Redefining \cdots on input line 466.
\Mathstrutbox@=\box28
\strutbox@=\box29
\big@size=\dimen119
LaTeX Font Info:    Redeclaring font encoding OML on input line 566.
LaTeX Font Info:    Redeclaring font encoding OMS on input line 567.
\macc@depth=\count111
\c@MaxMatrixCols=\count112
\dotsspace@=\muskip11
\c@parentequation=\count113
\dspbrk@lvl=\count114
\tag@help=\toks20
\row@=\count115
\column@=\count116
\maxfields@=\count117
\andhelp@=\toks21
\eqnshift@=\dimen120
\alignsep@=\dimen121
\tagshift@=\dimen122
\tagwidth@=\dimen123
\totwidth@=\dimen124
\lineht@=\dimen125
\@envbody=\toks22
\multlinegap=\skip47
\multlinetaggap=\skip48
\mathdisplay@stack=\toks23
LaTeX Info: Redefining \[ on input line 2665.
LaTeX Info: Redefining \] on input line 2666.
)
(/usr/share/texlive/texmf-dist/tex/generic/babel/babel.sty
Package: babel 2013/12/03 3.9h The Babel package

(/usr/share/texlive/texmf-dist/tex/generic/babel-german/germanb.ldf
Language: germanb 2013/12/13 v2.7 German support for babel (traditional orthogr
aphy)

(/usr/share/texlive/texmf-dist/tex/generic/babel/babel.def
File: babel.def 2013/12/03 3.9h Babel common definitions
\babel@savecnt=\count118
\U@D=\dimen126
)))
(/usr/share/texlive/texmf-dist/tex/latex/base/fontenc.sty
Package: fontenc 2005/09/27 v1.99g Standard LaTeX package

(/usr/share/texlive/texmf-dist/tex/latex/base/t1enc.def
File: t1enc.def 2005/09/27 v1.99g Standard LaTeX file
LaTeX Font Info:    Redeclaring font encoding T1 on input line 43.
))
(/usr/share/texlive/texmf-dist/tex/latex/makecell/makecell.sty
Package: makecell 2009/08/03 V0.1e Managing of Tab Column Heads and Cells
\rotheadsize=\dimen127
\c@nlinenum=\count119
\TeXr@lab=\toks24
)
(/usr/share/texlive/texmf-dist/tex/latex/paralist/paralist.sty
Package: paralist 2013/06/09 v2.4 Extended list environments
\pltopsep=\skip49
\plpartopsep=\skip50
\plitemsep=\skip51
\plparsep=\skip52
\pl@lab=\toks25
)
(/usr/share/texlive/texmf-dist/tex/latex/tools/longtable.sty
Package: longtable 2004/02/01 v4.11 Multi-page Table package (DPC)
\LTleft=\skip53
\LTright=\skip54
\LTpre=\skip55
\LTpost=\skip56
\LTchunksize=\count120
\LTcapwidth=\dimen128
\LT@head=\box30
\LT@firsthead=\box31
\LT@foot=\box32
\LT@lastfoot=\box33
\LT@cols=\count121
\LT@rows=\count122
\c@LT@tables=\count123
\c@LT@chunks=\count124
\LT@p@ftn=\toks26
)
(/usr/share/texlive/texmf-dist/tex/latex/tools/tabularx.sty
Package: tabularx 1999/01/07 v2.07 `tabularx' package (DPC)
\TX@col@width=\dimen129
\TX@old@table=\dimen130
\TX@old@col=\dimen131
\TX@target=\dimen132
\TX@delta=\dimen133
\TX@cols=\count125
\TX@ftn=\toks27
)
(/usr/share/texmf/tex/latex/pgf/frontendlayer/tikz.sty
(/usr/share/texmf/tex/latex/pgf/basiclayer/pgf.sty
(/usr/share/texmf/tex/latex/pgf/utilities/pgfrcs.sty
(/usr/share/texmf/tex/generic/pgf/utilities/pgfutil-common.tex
\pgfutil@everybye=\toks28
)
(/usr/share/texmf/tex/generic/pgf/utilities/pgfutil-latex.def
\pgfutil@abb=\box34

(/usr/share/texlive/texmf-dist/tex/latex/ms/everyshi.sty
Package: everyshi 2001/05/15 v3.00 EveryShipout Package (MS)
))
(/usr/share/texmf/tex/generic/pgf/utilities/pgfrcs.code.tex
Package: pgfrcs 2010/10/25 v2.10 (rcs-revision 1.24)
))
Package: pgf 2008/01/15 v2.10 (rcs-revision 1.12)

(/usr/share/texmf/tex/latex/pgf/basiclayer/pgfcore.sty
(/usr/share/texmf/tex/latex/pgf/systemlayer/pgfsys.sty
(/usr/share/texmf/tex/generic/pgf/systemlayer/pgfsys.code.tex
Package: pgfsys 2010/06/30 v2.10 (rcs-revision 1.37)

(/usr/share/texmf/tex/generic/pgf/utilities/pgfkeys.code.tex
\pgfkeys@pathtoks=\toks29
\pgfkeys@temptoks=\toks30

(/usr/share/texmf/tex/generic/pgf/utilities/pgfkeysfiltered.code.tex
\pgfkeys@tmptoks=\toks31
))
\pgf@x=\dimen134
\pgf@y=\dimen135
\pgf@xa=\dimen136
\pgf@ya=\dimen137
\pgf@xb=\dimen138
\pgf@yb=\dimen139
\pgf@xc=\dimen140
\pgf@yc=\dimen141
\w@pgf@writea=\write3
\r@pgf@reada=\read1
\c@pgf@counta=\count126
\c@pgf@countb=\count127
\c@pgf@countc=\count128
\c@pgf@countd=\count129

(/usr/share/texmf/tex/generic/pgf/systemlayer/pgf.cfg
File: pgf.cfg 2008/05/14  (rcs-revision 1.7)
)
Package pgfsys Info: Driver file for pgf: pgfsys-pdftex.def on input line 900.

(/usr/share/texmf/tex/generic/pgf/systemlayer/pgfsys-pdftex.def
File: pgfsys-pdftex.def 2009/05/22  (rcs-revision 1.26)

(/usr/share/texmf/tex/generic/pgf/systemlayer/pgfsys-common-pdf.def
File: pgfsys-common-pdf.def 2008/05/19  (rcs-revision 1.10)
)))
(/usr/share/texmf/tex/generic/pgf/systemlayer/pgfsyssoftpath.code.tex
File: pgfsyssoftpath.code.tex 2008/07/18  (rcs-revision 1.7)
\pgfsyssoftpath@smallbuffer@items=\count130
\pgfsyssoftpath@bigbuffer@items=\count131
)
(/usr/share/texmf/tex/generic/pgf/systemlayer/pgfsysprotocol.code.tex
File: pgfsysprotocol.code.tex 2006/10/16  (rcs-revision 1.4)
))
(/usr/share/texmf/tex/latex/xcolor/xcolor.sty
Package: xcolor 2007/01/21 v2.11 LaTeX color extensions (UK)

(/usr/share/texlive/texmf-dist/tex/latex/latexconfig/color.cfg
File: color.cfg 2007/01/18 v1.5 color configuration of teTeX/TeXLive
)
Package xcolor Info: Driver file: pdftex.def on input line 225.
Package xcolor Info: Model `cmy' substituted by `cmy0' on input line 1337.
Package xcolor Info: Model `hsb' substituted by `rgb' on input line 1341.
Package xcolor Info: Model `RGB' extended on input line 1353.
Package xcolor Info: Model `HTML' substituted by `rgb' on input line 1355.
Package xcolor Info: Model `Hsb' substituted by `hsb' on input line 1356.
Package xcolor Info: Model `tHsb' substituted by `hsb' on input line 1357.
Package xcolor Info: Model `HSB' substituted by `hsb' on input line 1358.
Package xcolor Info: Model `Gray' substituted by `gray' on input line 1359.
Package xcolor Info: Model `wave' substituted by `hsb' on input line 1360.
)
(/usr/share/texmf/tex/generic/pgf/basiclayer/pgfcore.code.tex
Package: pgfcore 2010/04/11 v2.10 (rcs-revision 1.7)

(/usr/share/texmf/tex/generic/pgf/math/pgfmath.code.tex
(/usr/share/texmf/tex/generic/pgf/math/pgfmathcalc.code.tex
(/usr/share/texmf/tex/generic/pgf/math/pgfmathutil.code.tex)
(/usr/share/texmf/tex/generic/pgf/math/pgfmathparser.code.tex
\pgfmath@dimen=\dimen142
\pgfmath@count=\count132
\pgfmath@box=\box35
\pgfmath@toks=\toks32
\pgfmath@stack@operand=\toks33
\pgfmath@stack@operation=\toks34
)
(/usr/share/texmf/tex/generic/pgf/math/pgfmathfunctions.code.tex
(/usr/share/texmf/tex/generic/pgf/math/pgfmathfunctions.basic.code.tex)
(/usr/share/texmf/tex/generic/pgf/math/pgfmathfunctions.trigonometric.code.tex)
(/usr/share/texmf/tex/generic/pgf/math/pgfmathfunctions.random.code.tex)
(/usr/share/texmf/tex/generic/pgf/math/pgfmathfunctions.comparison.code.tex)
(/usr/share/texmf/tex/generic/pgf/math/pgfmathfunctions.base.code.tex)
(/usr/share/texmf/tex/generic/pgf/math/pgfmathfunctions.round.code.tex)
(/usr/share/texmf/tex/generic/pgf/math/pgfmathfunctions.misc.code.tex)))
(/usr/share/texmf/tex/generic/pgf/math/pgfmathfloat.code.tex
\c@pgfmathroundto@lastzeros=\count133
))
(/usr/share/texmf/tex/generic/pgf/basiclayer/pgfcorepoints.code.tex
File: pgfcorepoints.code.tex 2010/04/09  (rcs-revision 1.20)
\pgf@picminx=\dimen143
\pgf@picmaxx=\dimen144
\pgf@picminy=\dimen145
\pgf@picmaxy=\dimen146
\pgf@pathminx=\dimen147
\pgf@pathmaxx=\dimen148
\pgf@pathminy=\dimen149
\pgf@pathmaxy=\dimen150
\pgf@xx=\dimen151
\pgf@xy=\dimen152
\pgf@yx=\dimen153
\pgf@yy=\dimen154
\pgf@zx=\dimen155
\pgf@zy=\dimen156
)
(/usr/share/texmf/tex/generic/pgf/basiclayer/pgfcorepathconstruct.code.tex
File: pgfcorepathconstruct.code.tex 2010/08/03  (rcs-revision 1.24)
\pgf@path@lastx=\dimen157
\pgf@path@lasty=\dimen158
)
(/usr/share/texmf/tex/generic/pgf/basiclayer/pgfcorepathusage.code.tex
File: pgfcorepathusage.code.tex 2008/04/22  (rcs-revision 1.12)
\pgf@shorten@end@additional=\dimen159
\pgf@shorten@start@additional=\dimen160
)
(/usr/share/texmf/tex/generic/pgf/basiclayer/pgfcorescopes.code.tex
File: pgfcorescopes.code.tex 2010/09/08  (rcs-revision 1.34)
\pgfpic=\box36
\pgf@hbox=\box37
\pgf@layerbox@main=\box38
\pgf@picture@serial@count=\count134
)
(/usr/share/texmf/tex/generic/pgf/basiclayer/pgfcoregraphicstate.code.tex
File: pgfcoregraphicstate.code.tex 2008/04/22  (rcs-revision 1.9)
\pgflinewidth=\dimen161
)
(/usr/share/texmf/tex/generic/pgf/basiclayer/pgfcoretransformations.code.tex
File: pgfcoretransformations.code.tex 2009/06/10  (rcs-revision 1.11)
\pgf@pt@x=\dimen162
\pgf@pt@y=\dimen163
\pgf@pt@temp=\dimen164
)
(/usr/share/texmf/tex/generic/pgf/basiclayer/pgfcorequick.code.tex
File: pgfcorequick.code.tex 2008/10/09  (rcs-revision 1.3)
)
(/usr/share/texmf/tex/generic/pgf/basiclayer/pgfcoreobjects.code.tex
File: pgfcoreobjects.code.tex 2006/10/11  (rcs-revision 1.2)
)
(/usr/share/texmf/tex/generic/pgf/basiclayer/pgfcorepathprocessing.code.tex
File: pgfcorepathprocessing.code.tex 2008/10/09  (rcs-revision 1.8)
)
(/usr/share/texmf/tex/generic/pgf/basiclayer/pgfcorearrows.code.tex
File: pgfcorearrows.code.tex 2008/04/23  (rcs-revision 1.11)
)
(/usr/share/texmf/tex/generic/pgf/basiclayer/pgfcoreshade.code.tex
File: pgfcoreshade.code.tex 2008/11/23  (rcs-revision 1.13)
\pgf@max=\dimen165
\pgf@sys@shading@range@num=\count135
)
(/usr/share/texmf/tex/generic/pgf/basiclayer/pgfcoreimage.code.tex
File: pgfcoreimage.code.tex 2010/03/25  (rcs-revision 1.16)

(/usr/share/texmf/tex/generic/pgf/basiclayer/pgfcoreexternal.code.tex
File: pgfcoreexternal.code.tex 2010/09/01  (rcs-revision 1.17)
\pgfexternal@startupbox=\box39
))
(/usr/share/texmf/tex/generic/pgf/basiclayer/pgfcorelayers.code.tex
File: pgfcorelayers.code.tex 2010/08/27  (rcs-revision 1.2)
)
(/usr/share/texmf/tex/generic/pgf/basiclayer/pgfcoretransparency.code.tex
File: pgfcoretransparency.code.tex 2008/01/17  (rcs-revision 1.2)
)
(/usr/share/texmf/tex/generic/pgf/basiclayer/pgfcorepatterns.code.tex
File: pgfcorepatterns.code.tex 2009/07/02  (rcs-revision 1.3)
)))
(/usr/share/texmf/tex/generic/pgf/modules/pgfmoduleshapes.code.tex
File: pgfmoduleshapes.code.tex 2010/09/09  (rcs-revision 1.13)
\pgfnodeparttextbox=\box40
)
(/usr/share/texmf/tex/generic/pgf/modules/pgfmoduleplot.code.tex
File: pgfmoduleplot.code.tex 2010/10/22  (rcs-revision 1.8)
)
(/usr/share/texmf/tex/latex/pgf/compatibility/pgfcomp-version-0-65.sty
Package: pgfcomp-version-0-65 2007/07/03 v2.10 (rcs-revision 1.7)
\pgf@nodesepstart=\dimen166
\pgf@nodesepend=\dimen167
)
(/usr/share/texmf/tex/latex/pgf/compatibility/pgfcomp-version-1-18.sty
Package: pgfcomp-version-1-18 2007/07/23 v2.10 (rcs-revision 1.1)
))
(/usr/share/texmf/tex/latex/pgf/utilities/pgffor.sty
(/usr/share/texmf/tex/latex/pgf/utilities/pgfkeys.sty
(/usr/share/texmf/tex/generic/pgf/utilities/pgfkeys.code.tex))
(/usr/share/texmf/tex/generic/pgf/utilities/pgffor.code.tex
Package: pgffor 2010/03/23 v2.10 (rcs-revision 1.18)
\pgffor@iter=\dimen168
\pgffor@skip=\dimen169
\pgffor@stack=\toks35
\pgffor@toks=\toks36
))
(/usr/share/texmf/tex/generic/pgf/frontendlayer/tikz/tikz.code.tex
Package: tikz 2010/10/13 v2.10 (rcs-revision 1.76)

(/usr/share/texmf/tex/generic/pgf/libraries/pgflibraryplothandlers.code.tex
File: pgflibraryplothandlers.code.tex 2010/05/31 v2.10 (rcs-revision 1.15)
\pgf@plot@mark@count=\count136
\pgfplotmarksize=\dimen170
)
\tikz@lastx=\dimen171
\tikz@lasty=\dimen172
\tikz@lastxsaved=\dimen173
\tikz@lastysaved=\dimen174
\tikzleveldistance=\dimen175
\tikzsiblingdistance=\dimen176
\tikz@figbox=\box41
\tikz@tempbox=\box42
\tikztreelevel=\count137
\tikznumberofchildren=\count138
\tikznumberofcurrentchild=\count139
\tikz@fig@count=\count140

(/usr/share/texmf/tex/generic/pgf/modules/pgfmodulematrix.code.tex
File: pgfmodulematrix.code.tex 2010/08/24  (rcs-revision 1.4)
\pgfmatrixcurrentrow=\count141
\pgfmatrixcurrentcolumn=\count142
\pgf@matrix@numberofcolumns=\count143
)
\tikz@expandcount=\count144

(/usr/share/texmf/tex/generic/pgf/frontendlayer/tikz/libraries/tikzlibrarytopat
hs.code.tex
File: tikzlibrarytopaths.code.tex 2008/06/17 v2.10 (rcs-revision 1.2)
))) (./Latex-Einfuehrung.aux)
\openout1 = `Latex-Einfuehrung.aux'.

LaTeX Font Info:    Checking defaults for OML/cmm/m/it on input line 51.
LaTeX Font Info:    ... okay on input line 51.
LaTeX Font Info:    Checking defaults for T1/cmr/m/n on input line 51.
LaTeX Font Info:    ... okay on input line 51.
LaTeX Font Info:    Checking defaults for OT1/cmr/m/n on input line 51.
LaTeX Font Info:    ... okay on input line 51.
LaTeX Font Info:    Checking defaults for OMS/cmsy/m/n on input line 51.
LaTeX Font Info:    ... okay on input line 51.
LaTeX Font Info:    Checking defaults for OMX/cmex/m/n on input line 51.
LaTeX Font Info:    ... okay on input line 51.
LaTeX Font Info:    Checking defaults for U/cmr/m/n on input line 51.
LaTeX Font Info:    ... okay on input line 51.
LaTeX Font Info:    Checking defaults for PD1/pdf/m/n on input line 51.
LaTeX Font Info:    ... okay on input line 51.
\AtBeginShipoutBox=\box43
Package hyperref Info: Link coloring OFF on input line 51.

(/usr/share/texlive/texmf-dist/tex/latex/hyperref/nameref.sty
Package: nameref 2012/10/27 v2.43 Cross-referencing by name of section

(/usr/share/texlive/texmf-dist/tex/generic/oberdiek/gettitlestring.sty
Package: gettitlestring 2010/12/03 v1.4 Cleanup title references (HO)
)
\c@section@level=\count145
)
LaTeX Info: Redefining \ref on input line 51.
LaTeX Info: Redefining \pageref on input line 51.
LaTeX Info: Redefining \nameref on input line 51.

(./Latex-Einfuehrung.out) (./Latex-Einfuehrung.out)
\@outlinefile=\write4
\openout4 = `Latex-Einfuehrung.out'.

\c@lstlisting=\count146

(/usr/share/texlive/texmf-dist/tex/context/base/supp-pdf.mkii
[Loading MPS to PDF converter (version 2006.09.02).]
\scratchcounter=\count147
\scratchdimen=\dimen177
\scratchbox=\box44
\nofMPsegments=\count148
\nofMParguments=\count149
\everyMPshowfont=\toks37
\MPscratchCnt=\count150
\MPscratchDim=\dimen178
\MPnumerator=\count151
\makeMPintoPDFobject=\count152
\everyMPtoPDFconversion=\toks38
) (/usr/share/texlive/texmf-dist/tex/latex/oberdiek/epstopdf-base.sty
Package: epstopdf-base 2010/02/09 v2.5 Base part for package epstopdf

(/usr/share/texlive/texmf-dist/tex/latex/oberdiek/grfext.sty
Package: grfext 2010/08/19 v1.1 Manage graphics extensions (HO)
)
Package grfext Info: Graphics extension search list:
(grfext)             [.png,.pdf,.jpg,.mps,.jpeg,.jbig2,.jb2,.PNG,.PDF,.JPG,.JPE
G,.JBIG2,.JB2,.eps]
(grfext)             \AppendGraphicsExtensions on input line 452.

(/usr/share/texlive/texmf-dist/tex/latex/latexconfig/epstopdf-sys.cfg
File: epstopdf-sys.cfg 2010/07/13 v1.3 Configuration of (r)epstopdf for TeX Liv
e
))
ABD: EveryShipout initializing macros [1{/var/lib/texmf/fonts/map/pdftex/updmap
/pdftex.map}



] (./Latex-Einfuehrung.toc)
\tf@toc=\write5
\openout5 = `Latex-Einfuehrung.toc'.

 [2

]
Underfull \hbox (badness 1701) in paragraph at lines 71--72
\T1/cmr/m/n/10 Die Ge-schich-te des ma-schi-nel-len au-to-ma-ti-sier-ten
 []


Underfull \hbox (badness 1320) in paragraph at lines 73--73
[]\T1/cmr/bx/n/14.4 Funktionsweise der Elek-tro-
 []

[3] <Abbildungen/eniac_aufbau.png, id=301, 5621.0pt x 6323.625pt>
File: Abbildungen/eniac_aufbau.png Graphic file (type png)

<use Abbildungen/eniac_aufbau.png>
Package pdftex.def Info: Abbildungen/eniac_aufbau.png used on input line 98.
(pdftex.def)             Requested size: 422.09714pt x 474.83037pt.
 [4]
Underfull \hbox (badness 10000) in paragraph at lines 117--117
[]|\T1/cmr/m/n/10 Laufzeit
 []


Overfull \hbox (0.88594pt too wide) in paragraph at lines 118--118
[]|\T1/cmr/m/n/10 Akkumulator| 
 []


Underfull \hbox (badness 10000) in paragraph at lines 118--118
\T1/cmr/m/n/10 auf Ak-ku-mu-la-tor
 []


Underfull \hbox (badness 10000) in paragraph at lines 119--119
[]|\T1/cmr/m/n/10 Zahl im Ak-ku-
 []


Underfull \hbox (badness 10000) in paragraph at lines 119--119
\T1/cmr/m/n/10 auf Da-ten-lei-tung
 []


Overfull \hbox (0.88594pt too wide) in paragraph at lines 120--120
[]|\T1/cmr/m/n/10 Multiplikator| 
 []


Underfull \hbox (badness 10000) in paragraph at lines 120--120
[]|\T1/cmr/m/n/10 Vorzeichenhaftes
 []


Underfull \hbox (badness 10000) in paragraph at lines 120--120
\T1/cmr/m/n/10 Pro-dukt aus
 []


Underfull \hbox (badness 10000) in paragraph at lines 120--120
\T1/cmr/m/n/10 10-stelligem Mul-
 []


Underfull \hbox (badness 10000) in paragraph at lines 120--120
\T1/cmr/m/n/10 ti-pli-kand und
 []


Underfull \hbox (badness 10000) in paragraph at lines 120--120
\OML/cmm/m/it/10 p$\T1/cmr/m/n/10 -stelligem Mul-ti-
 []


Underfull \hbox (badness 10000) in paragraph at lines 121--121
\T1/cmr/m/n/10 Di-vi-si-ons-ein-
 []


Underfull \hbox (badness 10000) in paragraph at lines 121--121
[]|\T1/cmr/m/n/10 findet $\OML/cmm/m/it/10 p$ \T1/cmr/m/n/10 Stel-len
 []


Underfull \hbox (badness 1158) in paragraph at lines 122--122
[]|\T1/cmr/m/n/10 findet das Zwei-fa-
 []


Underfull \hbox (badness 3209) in paragraph at lines 122--122
\T1/cmr/m/n/10 che der Qua-drat-
 []


Underfull \hbox (badness 10000) in paragraph at lines 123--124
[]|\T1/cmr/m/n/10 Funktions-
 []


Underfull \hbox (badness 10000) in paragraph at lines 125--126
[]|\T1/cmr/m/n/10 Konstanten-
 []


Underfull \hbox (badness 10000) in paragraph at lines 126--126
[]|\T1/cmr/m/n/10 gibt ei-ne vor-zei-
 []


Underfull \hbox (badness 10000) in paragraph at lines 126--126
\T1/cmr/m/n/10 chen-be-haf-te-te 5-
 []


Underfull \hbox (badness 10000) in paragraph at lines 126--126
\T1/cmr/m/n/10 oder 10-stellige
 []

[5] [6] [7]
Underfull \hbox (badness 1377) in paragraph at lines 146--147
\T1/cmr/m/n/10 Die Pro-gram-mie-rung des ENIAC ge-stal-te-te sich
 []


Underfull \hbox (badness 1642) in paragraph at lines 146--147
\T1/cmr/m/n/10 auf-grund des phy-si-schen und lo-gi-schen Auf-baus
 []


Underfull \hbox (badness 1033) in paragraph at lines 146--147
\T1/cmr/m/n/10 mit Hil-fe des ENIAC lö-sen woll-te, auf ein-fa-che
 []


Underfull \hbox (badness 3635) in paragraph at lines 146--147
\T1/cmr/m/n/10 ad-die-ren, sub-tra-hie-ren, mul-ti-pli-zie-ren, di-vi-die-ren
 []


Underfull \hbox (badness 1910) in paragraph at lines 146--147
\T1/cmr/m/n/10 aus-zu-rech-nen. Zu-sätz-lich mus-ste lo-gisch auf die
 []


Underfull \hbox (badness 1558) in paragraph at lines 146--147
\T1/cmr/m/n/10 um sie spä-ter wie-der für wei-te-re Be-rech-nun-gen
 []


Underfull \hbox (badness 1389) in paragraph at lines 146--147
\T1/cmr/m/n/10 Be-rech-nun-gen ent-spre-chend li-mi-tiert, da sie al-le
 []


Underfull \hbox (badness 4001) in paragraph at lines 146--147
\T1/cmr/m/n/10 Ein-schrän-kun-gen mus-sten vor dem ei-gent-li-chen
 []


Underfull \hbox (badness 10000) in paragraph at lines 146--147

 []


Underfull \hbox (badness 2213) in paragraph at lines 148--149
[]\T1/cmr/m/n/10 Die zwei-te, we-sent-lich grö-ÿe-re Schwie-rig-keit er-
 []


Underfull \hbox (badness 1270) in paragraph at lines 148--149
\T1/cmr/m/n/10 Pro-gram-ma-b-laufs in einen kon-kre-ten phy-si-schen.
 []


Underfull \hbox (badness 1342) in paragraph at lines 148--149
\T1/cmr/m/n/10 Beim ENIAC gab es kei-ne Soft-wa-re, al-so auch
 []


Underfull \hbox (badness 1057) in paragraph at lines 148--149
\T1/cmr/m/n/10 mit fast je-dem an-de-ren Ak-ku-mu-la-tor ver-bun-den
 []


Underfull \hbox (badness 1365) in paragraph at lines 148--149
\T1/cmr/m/n/10 wer-den (we-ni-ge Aus-nah-men wa-ren bei-spiels-wei-se
 []


Underfull \hbox (badness 10000) in paragraph at lines 148--149
\T1/cmr/m/n/10 die Ak-ku-mu-la-to-ren der Mul-ti-pli-ka-ti-ons-ein-heit),
 []


Underfull \hbox (badness 1990) in paragraph at lines 148--149
\T1/cmr/m/n/10 die ma-the-ma-ti-schen Pro-ble-me an-ge-passt wer-den
 []


Underfull \hbox (badness 1910) in paragraph at lines 148--149
\T1/cmr/m/n/10 Än-de-run-gen am Pro-gram-ma-b-lauf nicht nur aus
 []


Underfull \hbox (badness 2111) in paragraph at lines 148--149
\T1/cmr/m/n/10 mus-ste. Die-se Ei-gen-schaf-ten führ-ten da-zu, dass
 []


Underfull \hbox (badness 10000) in paragraph at lines 148--149

 []


Underfull \hbox (badness 1009) in paragraph at lines 150--151
\T1/cmr/m/n/10 wel-cher mit ei-nem Loch-kar-ten-le-se-ge-rät von IBM
 []


Underfull \hbox (badness 1286) in paragraph at lines 150--151
\T1/cmr/m/n/10 durch elek-tri-sche Si-gna-le den an-de-ren Ein-hei-ten
 []


Underfull \hbox (badness 1270) in paragraph at lines 150--151
\T1/cmr/m/n/10 stan-zer von IBM er-stellt wur-den, der mit dem
 []


Underfull \hbox (badness 10000) in paragraph at lines 150--151

 []

[8] <Abbildungen/eniac5.png, id=351, 3717.89pt x 2980.13374pt>
File: Abbildungen/eniac5.png Graphic file (type png)

<use Abbildungen/eniac5.png>
Package pdftex.def Info: Abbildungen/eniac5.png used on input line 158.
(pdftex.def)             Requested size: 422.09714pt x 338.32002pt.

Underfull \hbox (badness 1077) in paragraph at lines 170--171
\T1/cmr/m/n/10 Wie in Ka-pi-tel []3[] er-wähnt, kann der \T1/cmr/bx/n/10 E\T1/c
mr/m/n/10 lectronic
 []


LaTeX Warning: Reference `EDVAC_origins' on page 9 undefined on input line 175.



Underfull \hbox (badness 1603) in paragraph at lines 175--176
\T1/cmr/m/n/10 sich die-se An-ga-ben auf ver-schie-de-ne Zeit-punk-te
 []


Underfull \hbox (badness 2707) in paragraph at lines 175--176
\T1/cmr/m/n/10 1.157 Ad-di-tio-nen so-wie Sub-trak-tio-nen und 347
 []


Underfull \hbox (badness 10000) in paragraph at lines 175--176

 []


Underfull \vbox (badness 10000) has occurred while \output is active []

 [9]
<Abbildungen/EDVAC.png, id=362, 2935.96875pt x 3809.23125pt>
File: Abbildungen/EDVAC.png Graphic file (type png)

<use Abbildungen/EDVAC.png>
Package pdftex.def Info: Abbildungen/EDVAC.png used on input line 183.
(pdftex.def)             Requested size: 422.09714pt x 547.6454pt.


LaTeX Warning: Float too large for page by 31.6454pt on input line 186.

[10]
Underfull \hbox (badness 4229) in paragraph at lines 217--217
\T1/cmr/m/n/10 ab-ge-än-dert zu ''wri-te`` für
 []


Underfull \hbox (badness 2875) in paragraph at lines 218--218
\T1/cmr/m/n/10 de erst mit dem Wech-sel
 []


Underfull \hbox (badness 2837) in paragraph at lines 220--220
\T1/cmr/m/n/10 Bit-Muster, das durch die
 []


LaTeX Warning: Float too large for page by 63.7312pt on input line 223.

[11]
Underfull \hbox (badness 1552) in paragraph at lines 239--240
\T1/cmr/m/n/10 wie Ad-di-ti-on oder Mul-ti-pli-ka-ti-on, wa-ren be-reits
 []


Underfull \hbox (badness 1859) in paragraph at lines 239--240
\T1/cmr/m/n/10 Hard-wa-re um-ge-setzt. Auf-grund des im-mer glei-
 []


Underfull \hbox (badness 1789) in paragraph at lines 239--240
\T1/cmr/m/n/10 und ge-ra-de die Adres-sie-rung je-der Spei-cher-zel-le
 []


Underfull \hbox (badness 6775) in paragraph at lines 239--240
\T1/cmr/m/n/10 auch fast aus-schlieÿ-lich über Loch-band-strei-fen
 []


Underfull \hbox (badness 5847) in paragraph at lines 239--240
\T1/cmr/m/n/10 be-zie-hungs-wei-se Loch-kar-ten statt fand, konn-te
 []


Underfull \hbox (badness 2119) in paragraph at lines 239--240
\T1/cmr/m/n/10 be-rech-net und die näch-sten Pro-gram-me be-reits
 []


Underfull \hbox (badness 1163) in paragraph at lines 239--240
\T1/cmr/m/n/10 son-dern le-dig-lich das neue Pro-gramm ein-ge-le-sen
 []


Underfull \hbox (badness 10000) in paragraph at lines 239--240

 []

[12]
Underfull \hbox (badness 1320) in paragraph at lines 251--263
\T1/cmr/m/n/10 Zeit-punkt wur-den Uni-ver-sal-rech-ner haupt-säch-lich
 []


Underfull \hbox (badness 1024) in paragraph at lines 251--263
\T1/cmr/m/n/10 für mi-li-tä-ri-sche Zwecke ver-wen-den, zum Bei-spiel
 []


Underfull \hbox (badness 4403) in paragraph at lines 251--263
\T1/cmr/m/n/10 sämt-li-che Do-ku-men-te, Be-schrei-bun-gen der Ma-
 []


Underfull \hbox (badness 1609) in paragraph at lines 251--263
\T1/cmr/m/n/10 bau-en. Auch die Pro-gram-mier-ba-re Elek-tro-ni-sche
 []


Underfull \hbox (badness 2980) in paragraph at lines 251--263
\T1/cmr/m/n/10 Re-chen-ma-schi-ne Mün-chen (PERM), die in der
 []


Underfull \hbox (badness 3291) in paragraph at lines 251--263
\T1/cmr/m/n/10 In-for-ma-ti-k-ab-tei-lung des Deut-schen Mu-se-ums in
 []


Underfull \hbox (badness 10000) in paragraph at lines 251--263

 []

[13]
Underfull \vbox (badness 4144) has occurred while \output is active []


Underfull \vbox (badness 1275) has occurred while \output is active []

 [14]
Underfull \hbox (badness 10000) in paragraph at lines 317--319

 []


Underfull \hbox (badness 10000) in paragraph at lines 324--326

 []


Underfull \vbox (badness 6792) has occurred while \output is active []


Underfull \hbox (badness 10000) in paragraph at lines 327--328

 []


Underfull \hbox (badness 1320) in paragraph at lines 329--330
[]\T1/cmr/m/n/10 Negative Zah-len wer-den durch das Kom-ple-ment
 []


Underfull \hbox (badness 10000) in paragraph at lines 329--330

 []


Underfull \hbox (badness 10000) in paragraph at lines 348--349
\T1/cmr/m/n/10 Pro-gram-mie-rer ver-ständ-lich dar-zu-stel-len. Die-se
 []


Underfull \hbox (badness 10000) in paragraph at lines 348--349

 []

[15]
Underfull \hbox (badness 2799) in paragraph at lines 351--377
\T1/cmr/m/n/10 Co-die-run-gen. Die Buch-sta-ben-co-die-rung und die
 []


Underfull \hbox (badness 1997) in paragraph at lines 351--377
\T1/cmr/m/n/10 Zah-len-co-die-rung. Die Buch-sta-ben-co-die-rung en-co-
 []


Underfull \hbox (badness 1742) in paragraph at lines 351--377
\T1/cmr/m/n/10 com-ple-men-tiert, so-dass die Zei-len [] ,
 []


Underfull \hbox (badness 10000) in paragraph at lines 351--377

 []


Underfull \hbox (badness 1052) in paragraph at lines 378--379
\T1/cmr/m/n/10 be-dient wer-den. Über die Loch-strei-fen wird das
 []


Underfull \hbox (badness 10000) in paragraph at lines 378--379

 []


Underfull \hbox (badness 1048) in paragraph at lines 409--409
\T1/cmr/m/n/10 wer-ti-gen Bits in Spei-cher-zel-le n ent-
 []


Underfull \hbox (badness 2547) in paragraph at lines 409--409
[]|\T1/cmr/m/n/10 Stoppe die Ma-schi-ne und läu-te die
 []


LaTeX Warning: Float too large for page by 21.99988pt on input line 410.


LaTeX Warning: Citation `theedsac' on page 16 undefined on input line 416.


LaTeX Warning: Citation `theedsac' on page 16 undefined on input line 424.


LaTeX Warning: Citation `theedsac' on page 16 undefined on input line 427.

[16]
Underfull \hbox (badness 10000) in paragraph at lines 433--437
\T1/cmr/m/n/10 Alle Be-stand-tei-le des Com-pu-ters (Haupt-spei-
 []


Underfull \hbox (badness 1067) in paragraph at lines 433--437
\T1/cmr/m/n/10 cher, Arith-me-ti-sche Ein-heit, Be-fehls-re-gi-ster, Ein-
 []


Underfull \hbox (badness 1077) in paragraph at lines 440--441
\T1/cmr/m/n/10 Ma-schi-ne ein Pro-gramm, die so-ge-nann-ten in-iti-al
 []


Underfull \hbox (badness 10000) in paragraph at lines 440--441

 []


Underfull \hbox (badness 1418) in paragraph at lines 442--443
\T1/cmr/m/n/10 rung dre-hen sich die-se Wähl-schei-ben, und dass
 []


Underfull \hbox (badness 1072) in paragraph at lines 442--443
\T1/cmr/m/n/10 Pro-gramm wird in die Spei-cher-zel-len $\OML/cmm/m/it/10 m\OT1/
cmr/m/n/10 [0 \OMS/cmsy/m/n/10 ^^@ \OT1/cmr/m/n/10 30]$
 []


Underfull \hbox (badness 10000) in paragraph at lines 442--443

 []


Underfull \hbox (badness 10000) in paragraph at lines 444--445

 []


Underfull \hbox (badness 10000) in paragraph at lines 446--448

 []

[17]
Underfull \hbox (badness 10000) in paragraph at lines 451--452

 []


LaTeX Warning: Citation `theedsac' on page 18 undefined on input line 494.

[18] [19 <./Abbildungen/eniac_aufbau.png>] [20 <./Abbildungen/eniac5.png (PNG c
opy)>] [21 <./Abbildungen/EDVAC.png (PNG copy)>] (./Latex-Einfuehrung.bbl
Underfull \hbox (badness 2343) in paragraph at lines 4--7
\T1/cmr/m/it/10 IE-EE An-nals of the Hi-sto-ry of Com-pu-ting\T1/cmr/m/n/10 ,
 []

LaTeX Font Info:    Try loading font information for T1+cmtt on input line 11.
(/usr/share/texlive/texmf-dist/tex/latex/base/t1cmtt.fd
File: t1cmtt.fd 1999/05/25 v2.5h Standard LaTeX font definitions
)
Underfull \hbox (badness 1184) in paragraph at lines 9--12
\T1/cmr/m/n/10 ord-nance corps.  []$\T1/cmtt/m/n/10 http : / / ftp . arl . mil 
/ mike /
 []


Underfull \hbox (badness 1184) in paragraph at lines 14--17
\T1/cmr/m/n/10 ord-nance corps.  []$\T1/cmtt/m/n/10 http : / / ftp . arl . mil 
/ mike /
 []

)
Package atveryend Info: Empty hook `BeforeClearDocument' on input line 513.
 [22


]
Package atveryend Info: Empty hook `AfterLastShipout' on input line 513.
 (./Latex-Einfuehrung.aux)
Package atveryend Info: Executing hook `AtVeryEndDocument' on input line 513.
Package atveryend Info: Executing hook `AtEndAfterFileList' on input line 513.
Package rerunfilecheck Info: File `Latex-Einfuehrung.out' has not changed.
(rerunfilecheck)             Checksum: DC6B6310182C3C5DFFEB268F56361C7A;3730.


LaTeX Warning: There were undefined references.

Package atveryend Info: Empty hook `AtVeryVeryEnd' on input line 513.
 ) 
Here is how much of TeX's memory you used:
 16595 strings out of 494976
 282492 string characters out of 6179138
 370923 words of memory out of 5000000
 19424 multiletter control sequences out of 15000+600000
 14594 words of font info for 38 fonts, out of 8000000 for 9000
 14 hyphenation exceptions out of 8191
 56i,12n,55p,4136b,374s stack positions out of 5000i,500n,10000p,200000b,80000s
 </home/john/.texmf-var/fonts/pk/ljfour/jknappen/ec/ectt1000.600pk> </home/jo
hn/.texmf-var/fonts/pk/ljfour/jknappen/ec/ecbi1000.600pk> </home/john/.texmf-va
r/fonts/pk/ljfour/jknappen/ec/ecbx1200.600pk> </home/john/.texmf-var/fonts/pk/l
jfour/jknappen/ec/ecti1000.600pk> </home/john/.texmf-var/fonts/pk/ljfour/jknapp
en/ec/ecbx1000.600pk> </home/john/.texmf-var/fonts/pk/ljfour/jknappen/ec/ecbx14
40.600pk> </home/john/.texmf-var/fonts/pk/ljfour/jknappen/ec/ecrm1000.600pk> </
home/john/.texmf-var/fonts/pk/ljfour/jknappen/ec/ecrm1200.600pk> </home/john/.t
exmf-var/fonts/pk/ljfour/jknappen/ec/ecrm1728.600pk></usr/share/texlive/texmf-d
ist/fonts/type1/public/amsfonts/cm/cmmi10.pfb></usr/share/texlive/texmf-dist/fo
nts/type1/public/amsfonts/cm/cmmi7.pfb></usr/share/texlive/texmf-dist/fonts/typ
e1/public/amsfonts/cm/cmr10.pfb></usr/share/texlive/texmf-dist/fonts/type1/publ
ic/amsfonts/cm/cmr7.pfb></usr/share/texlive/texmf-dist/fonts/type1/public/amsfo
nts/cm/cmsy10.pfb></usr/share/texlive/texmf-dist/fonts/type1/public/amsfonts/cm
/cmsy7.pfb>
Output written on Latex-Einfuehrung.pdf (22 pages, 25729821 bytes).
PDF statistics:
 869 PDF objects out of 1000 (max. 8388607)
 472 compressed objects within 5 object streams
 91 named destinations out of 1000 (max. 500000)
 452 words of extra memory for PDF output out of 10000 (max. 10000000)

